<?xml version="1.0" encoding="UTF-8"?>
<!-- Generated by org.testng.reporters.JUnitReportReporter -->
<testsuite hostname="DESKTOP-2O475OQ" failures="0" tests="1" name="com.saucedemo.TestClasses.VerifyLoginTestClass" time="15.050" errors="0" timestamp="2022-08-06T03:17:51 IST" skipped="0">
  <testcase classname="com.saucedemo.TestClasses.VerifyLoginTestClass" name="verifyLoginFunctionality" time="15.050"/>
  <system-out/>
</testsuite> <!-- com.saucedemo.TestClasses.VerifyLoginTestClass -->
