<?xml version="1.0" encoding="UTF-8"?>
<!-- Generated by org.testng.reporters.JUnitReportReporter -->
<testsuite hostname="DESKTOP-2O475OQ" failures="0" tests="1" name="com.saucedemo.TestClasses.VerifyHomePOMPage" time="34.324" errors="0" timestamp="2022-08-06T03:17:51 IST" skipped="0">
  <testcase classname="com.saucedemo.TestClasses.VerifyHomePOMPage" name="verifyHomePageFunctionality" time="34.324"/>
  <system-out/>
</testsuite> <!-- com.saucedemo.TestClasses.VerifyHomePOMPage -->
